-- The C compiler identification is GNU 9.4.0
-- The CXX compiler identification is GNU 9.4.0
-- Check for working C compiler: /usr/bin/cc
-- Check for working C compiler: /usr/bin/cc -- works
-- Detecting C compiler ABI info
-- Detecting C compiler ABI info - done
-- Detecting C compile features
-- Detecting C compile features - done
-- Check for working CXX compiler: /usr/bin/c++
-- Check for working CXX compiler: /usr/bin/c++ -- works
-- Detecting CXX compiler ABI info
-- Detecting CXX compiler ABI info - done
-- Detecting CXX compile features
-- Detecting CXX compile features - done
-- Found ament_cmake: 0.9.12 (/opt/ros/foxy/share/ament_cmake/cmake)
-- Found PythonInterp: /usr/bin/python3 (found suitable version "3.8.10", minimum required is "3") 
-- Using PYTHON_EXECUTABLE: /usr/bin/python3
-- Found rclcpp: 2.4.3 (/opt/ros/foxy/share/rclcpp/cmake)
-- Using all available rosidl_typesupport_c: rosidl_typesupport_fastrtps_c;rosidl_typesupport_introspection_c
-- Found rosidl_adapter: 1.3.1 (/opt/ros/foxy/share/rosidl_adapter/cmake)
-- Found OpenSSL: /usr/lib/x86_64-linux-gnu/libcrypto.so (found version "1.1.1f")  
-- Found FastRTPS: /opt/ros/foxy/include  
-- Using all available rosidl_typesupport_cpp: rosidl_typesupport_fastrtps_cpp;rosidl_typesupport_introspection_cpp
-- Found rmw_implementation_cmake: 1.0.4 (/opt/ros/foxy/share/rmw_implementation_cmake/cmake)
-- Using RMW implementation 'rmw_fastrtps_cpp' as default
-- Looking for pthread.h
-- Looking for pthread.h - found
-- Performing Test CMAKE_HAVE_LIBC_PTHREAD
-- Performing Test CMAKE_HAVE_LIBC_PTHREAD - Failed
-- Looking for pthread_create in pthreads
-- Looking for pthread_create in pthreads - not found
-- Looking for pthread_create in pthread
-- Looking for pthread_create in pthread - found
-- Found Threads: TRUE  
-- Found sensor_msgs: 2.0.5 (/opt/ros/foxy/share/sensor_msgs/cmake)
-- Found cv_bridge: 3.0.7 (/opt/ros/foxy/share/cv_bridge/cmake)
-- Found OpenCV: /usr (found version "4.2.0") 
-- Found rosidl_default_generators: 1.0.1 (/opt/ros/foxy/share/rosidl_default_generators/cmake)
-- Found PythonInterp: /usr/bin/python3 (found version "3.8.10") 
-- Found ament_cmake_ros: 0.9.2 (/opt/ros/foxy/share/ament_cmake_ros/cmake)
-- Using all available rosidl_typesupport_c: rosidl_typesupport_fastrtps_c;rosidl_typesupport_introspection_c
-- Using all available rosidl_typesupport_cpp: rosidl_typesupport_fastrtps_cpp;rosidl_typesupport_introspection_cpp
-- Found PythonInterp: /usr/bin/python3 (found suitable version "3.8.10", minimum required is "3.5") 
-- Found python_cmake_module: 0.8.1 (/opt/ros/foxy/share/python_cmake_module/cmake)
-- Found PythonLibs: /usr/lib/x86_64-linux-gnu/libpython3.8.so (found suitable version "3.8.10", minimum required is "3.5") 
-- Using PYTHON_EXECUTABLE: /usr/bin/python3
-- Using PYTHON_INCLUDE_DIRS: /usr/include/python3.8
-- Using PYTHON_LIBRARIES: /usr/lib/x86_64-linux-gnu/libpython3.8.so
-- Found PythonExtra: .so  
-- Found ament_lint_auto: 0.9.8 (/opt/ros/foxy/share/ament_lint_auto/cmake)
-- Added test 'copyright' to check source files copyright and LICENSE
-- Added test 'cppcheck' to perform static code analysis on C / C++ code
-- Configured cppcheck include dirs: 
-- Configured cppcheck exclude dirs and/or files: 
-- Added test 'cpplint' to check C / C++ code against the Google style
-- Configured cpplint exclude dirs and/or files: 
-- Added test 'flake8' to check Python code syntax and style conventions
-- Added test 'lint_cmake' to check CMake code style
-- Added test 'pep257' to check Python code against some of the style conventions in PEP 257
-- Added test 'uncrustify' to check C / C++ code style
-- Configured uncrustify additional arguments: 
-- Added test 'xmllint' to check XML markup files
-- Configuring done
-- Generating done
-- Build files have been written to: /home/slam/mix_ws/ros2_ws/build/offline_timestamp_align_colcon
[  2%] [34m[1mGenerating C code for ROS interfaces[0m
[35m[1mScanning dependencies of target offline_timestamp_align_colcon__cpp[0m
[  4%] [34m[1mGenerating C++ code for ROS interfaces[0m
[35m[1mScanning dependencies of target offline_timestamp_align_colcon__rosidl_generator_c[0m
[  6%] [32mBuilding C object CMakeFiles/offline_timestamp_align_colcon__rosidl_generator_c.dir/rosidl_generator_c/offline_timestamp_align_colcon/msg/detail/fused_state__functions.c.o[0m
[  6%] Built target offline_timestamp_align_colcon__cpp
[35m[1mScanning dependencies of target imu_w_norm_calculate_colcon[0m
[  8%] [32mBuilding CXX object CMakeFiles/imu_w_norm_calculate_colcon.dir/src/imu_w_norm_calculate_colcon.cpp.o[0m
[ 11%] [32m[1mLinking C shared library liboffline_timestamp_align_colcon__rosidl_generator_c.so[0m
[ 11%] Built target offline_timestamp_align_colcon__rosidl_generator_c
[35m[1mScanning dependencies of target time_offset_calculate_portion_colcon[0m
[ 13%] [32mBuilding CXX object CMakeFiles/time_offset_calculate_portion_colcon.dir/src/time_offset_calculate_portion_colcon.cpp.o[0m
[ 15%] [32m[1mLinking CXX executable imu_w_norm_calculate_colcon[0m
[ 15%] Built target imu_w_norm_calculate_colcon
[35m[1mScanning dependencies of target cam_w_norm_calculate_colcon[0m
[ 17%] [32mBuilding CXX object CMakeFiles/cam_w_norm_calculate_colcon.dir/src/cam_w_norm_calculate_colcon.cpp.o[0m
[ 20%] [32m[1mLinking CXX executable time_offset_calculate_portion_colcon[0m
[ 20%] Built target time_offset_calculate_portion_colcon
[35m[1mScanning dependencies of target time_offset_calculate_norm_colcon[0m
[ 22%] [32mBuilding CXX object CMakeFiles/time_offset_calculate_norm_colcon.dir/src/time_offset_calculate_norm_colcon.cpp.o[0m
[ 24%] [32m[1mLinking CXX executable time_offset_calculate_norm_colcon[0m
[ 24%] Built target time_offset_calculate_norm_colcon
[35m[1mScanning dependencies of target publish_node_colcon[0m
[ 26%] [32mBuilding CXX object CMakeFiles/publish_node_colcon.dir/src/publish_node_colcon.cpp.o[0m
[ 28%] [32m[1mLinking CXX executable cam_w_norm_calculate_colcon[0m
[ 28%] Built target cam_w_norm_calculate_colcon
[35m[1mScanning dependencies of target timestamp_correct_colcon[0m
[ 31%] [32mBuilding CXX object CMakeFiles/timestamp_correct_colcon.dir/src/timestamp_correct_colcon.cpp.o[0m
[ 33%] [32m[1mLinking CXX executable timestamp_correct_colcon[0m
[ 33%] Built target timestamp_correct_colcon
[ 35%] [34m[1mGenerating C++ type support for eProsima Fast-RTPS[0m
[35m[1mScanning dependencies of target offline_timestamp_align_colcon__rosidl_typesupport_fastrtps_cpp[0m
[ 37%] [32mBuilding CXX object CMakeFiles/offline_timestamp_align_colcon__rosidl_typesupport_fastrtps_cpp.dir/rosidl_typesupport_fastrtps_cpp/offline_timestamp_align_colcon/msg/detail/dds_fastrtps/fused_state__type_support.cpp.o[0m
[ 40%] [32m[1mLinking CXX shared library liboffline_timestamp_align_colcon__rosidl_typesupport_fastrtps_cpp.so[0m
[ 40%] Built target offline_timestamp_align_colcon__rosidl_typesupport_fastrtps_cpp
[ 42%] [34m[1mGenerating C++ introspection for ROS interfaces[0m
[35m[1mScanning dependencies of target offline_timestamp_align_colcon__rosidl_typesupport_introspection_cpp[0m
[ 44%] [32mBuilding CXX object CMakeFiles/offline_timestamp_align_colcon__rosidl_typesupport_introspection_cpp.dir/rosidl_typesupport_introspection_cpp/offline_timestamp_align_colcon/msg/detail/fused_state__type_support.cpp.o[0m
[ 46%] [32m[1mLinking CXX shared library liboffline_timestamp_align_colcon__rosidl_typesupport_introspection_cpp.so[0m
[ 46%] Built target offline_timestamp_align_colcon__rosidl_typesupport_introspection_cpp
[ 48%] [34m[1mGenerating C type support dispatch for ROS interfaces[0m
[35m[1mScanning dependencies of target offline_timestamp_align_colcon__rosidl_typesupport_c[0m
[ 51%] [32mBuilding CXX object CMakeFiles/offline_timestamp_align_colcon__rosidl_typesupport_c.dir/rosidl_typesupport_c/offline_timestamp_align_colcon/msg/fused_state__type_support.cpp.o[0m
[ 53%] [32m[1mLinking CXX shared library liboffline_timestamp_align_colcon__rosidl_typesupport_c.so[0m
[ 53%] Built target offline_timestamp_align_colcon__rosidl_typesupport_c
[ 55%] [34m[1mGenerating C introspection for ROS interfaces[0m
[35m[1mScanning dependencies of target offline_timestamp_align_colcon__rosidl_typesupport_introspection_c[0m
[ 57%] [32mBuilding C object CMakeFiles/offline_timestamp_align_colcon__rosidl_typesupport_introspection_c.dir/rosidl_typesupport_introspection_c/offline_timestamp_align_colcon/msg/detail/fused_state__type_support.c.o[0m
[ 60%] [32m[1mLinking C shared library liboffline_timestamp_align_colcon__rosidl_typesupport_introspection_c.so[0m
[ 60%] Built target offline_timestamp_align_colcon__rosidl_typesupport_introspection_c
[ 62%] [34m[1mGenerating C++ type support dispatch for ROS interfaces[0m
[35m[1mScanning dependencies of target offline_timestamp_align_colcon__rosidl_typesupport_cpp[0m
[ 64%] [32mBuilding CXX object CMakeFiles/offline_timestamp_align_colcon__rosidl_typesupport_cpp.dir/rosidl_typesupport_cpp/offline_timestamp_align_colcon/msg/fused_state__type_support.cpp.o[0m
[ 66%] [32m[1mLinking CXX shared library liboffline_timestamp_align_colcon__rosidl_typesupport_cpp.so[0m
[ 66%] Built target offline_timestamp_align_colcon__rosidl_typesupport_cpp
[ 68%] [34m[1mGenerating C type support for eProsima Fast-RTPS[0m
[35m[1mScanning dependencies of target offline_timestamp_align_colcon__rosidl_typesupport_fastrtps_c[0m
[ 71%] [32mBuilding CXX object CMakeFiles/offline_timestamp_align_colcon__rosidl_typesupport_fastrtps_c.dir/rosidl_typesupport_fastrtps_c/offline_timestamp_align_colcon/msg/detail/fused_state__type_support_c.cpp.o[0m
[ 73%] [32m[1mLinking CXX executable publish_node_colcon[0m
[ 75%] [32m[1mLinking CXX shared library liboffline_timestamp_align_colcon__rosidl_typesupport_fastrtps_c.so[0m
[ 75%] Built target offline_timestamp_align_colcon__rosidl_typesupport_fastrtps_c
[35m[1mScanning dependencies of target offline_timestamp_align_colcon[0m
[ 75%] Built target offline_timestamp_align_colcon
[35m[1mScanning dependencies of target offline_timestamp_align_colcon__py[0m
[ 77%] [34m[1mGenerating Python code for ROS interfaces[0m
[ 77%] Built target publish_node_colcon
[35m[1mScanning dependencies of target fusion_node_colcon[0m
[ 80%] [32mBuilding CXX object CMakeFiles/fusion_node_colcon.dir/src/fusion_node_colcon.cpp.o[0m
[ 80%] Built target offline_timestamp_align_colcon__py
[35m[1mScanning dependencies of target offline_timestamp_align_colcon__python[0m
[ 82%] [32mBuilding C object CMakeFiles/offline_timestamp_align_colcon__python.dir/rosidl_generator_py/offline_timestamp_align_colcon/msg/_fused_state_s.c.o[0m
[ 84%] [32m[1mLinking C shared library rosidl_generator_py/offline_timestamp_align_colcon/liboffline_timestamp_align_colcon__python.so[0m
[ 84%] Built target offline_timestamp_align_colcon__python
[35m[1mScanning dependencies of target offline_timestamp_align_colcon__rosidl_typesupport_fastrtps_c__pyext[0m
[ 86%] [32mBuilding C object CMakeFiles/offline_timestamp_align_colcon__rosidl_typesupport_fastrtps_c__pyext.dir/rosidl_generator_py/offline_timestamp_align_colcon/_offline_timestamp_align_colcon_s.ep.rosidl_typesupport_fastrtps_c.c.o[0m
[ 88%] [32m[1mLinking CXX shared library rosidl_generator_py/offline_timestamp_align_colcon/offline_timestamp_align_colcon_s__rosidl_typesupport_fastrtps_c.cpython-38-x86_64-linux-gnu.so[0m
[ 88%] Built target offline_timestamp_align_colcon__rosidl_typesupport_fastrtps_c__pyext
[35m[1mScanning dependencies of target offline_timestamp_align_colcon__rosidl_typesupport_introspection_c__pyext[0m
[ 91%] [32mBuilding C object CMakeFiles/offline_timestamp_align_colcon__rosidl_typesupport_introspection_c__pyext.dir/rosidl_generator_py/offline_timestamp_align_colcon/_offline_timestamp_align_colcon_s.ep.rosidl_typesupport_introspection_c.c.o[0m
[ 93%] [32m[1mLinking C shared library rosidl_generator_py/offline_timestamp_align_colcon/offline_timestamp_align_colcon_s__rosidl_typesupport_introspection_c.cpython-38-x86_64-linux-gnu.so[0m
[ 93%] Built target offline_timestamp_align_colcon__rosidl_typesupport_introspection_c__pyext
[35m[1mScanning dependencies of target offline_timestamp_align_colcon__rosidl_typesupport_c__pyext[0m
[ 95%] [32mBuilding C object CMakeFiles/offline_timestamp_align_colcon__rosidl_typesupport_c__pyext.dir/rosidl_generator_py/offline_timestamp_align_colcon/_offline_timestamp_align_colcon_s.ep.rosidl_typesupport_c.c.o[0m
[ 97%] [32m[1mLinking C shared library rosidl_generator_py/offline_timestamp_align_colcon/offline_timestamp_align_colcon_s__rosidl_typesupport_c.cpython-38-x86_64-linux-gnu.so[0m
[ 97%] Built target offline_timestamp_align_colcon__rosidl_typesupport_c__pyext
[100%] [32m[1mLinking CXX executable fusion_node_colcon[0m
[100%] Built target fusion_node_colcon
-- Install configuration: ""
-- Installing: /home/slam/mix_ws/ros2_ws/install/offline_timestamp_align_colcon/share/ament_index/resource_index/rosidl_interfaces/offline_timestamp_align_colcon
-- Installing: /home/slam/mix_ws/ros2_ws/install/offline_timestamp_align_colcon/include/offline_timestamp_align_colcon
-- Installing: /home/slam/mix_ws/ros2_ws/install/offline_timestamp_align_colcon/include/offline_timestamp_align_colcon/msg
-- Installing: /home/slam/mix_ws/ros2_ws/install/offline_timestamp_align_colcon/include/offline_timestamp_align_colcon/msg/detail
-- Installing: /home/slam/mix_ws/ros2_ws/install/offline_timestamp_align_colcon/include/offline_timestamp_align_colcon/msg/detail/fused_state__functions.h
-- Installing: /home/slam/mix_ws/ros2_ws/install/offline_timestamp_align_colcon/include/offline_timestamp_align_colcon/msg/detail/fused_state__functions.c
-- Installing: /home/slam/mix_ws/ros2_ws/install/offline_timestamp_align_colcon/include/offline_timestamp_align_colcon/msg/detail/fused_state__type_support.h
-- Installing: /home/slam/mix_ws/ros2_ws/install/offline_timestamp_align_colcon/include/offline_timestamp_align_colcon/msg/detail/fused_state__struct.h
-- Installing: /home/slam/mix_ws/ros2_ws/install/offline_timestamp_align_colcon/include/offline_timestamp_align_colcon/msg/fused_state.h
-- Installing: /home/slam/mix_ws/ros2_ws/install/offline_timestamp_align_colcon/include/offline_timestamp_align_colcon/msg/rosidl_generator_c__visibility_control.h
-- Installing: /home/slam/mix_ws/ros2_ws/install/offline_timestamp_align_colcon/share/offline_timestamp_align_colcon/environment/library_path.sh
-- Installing: /home/slam/mix_ws/ros2_ws/install/offline_timestamp_align_colcon/share/offline_timestamp_align_colcon/environment/library_path.dsv
-- Installing: /home/slam/mix_ws/ros2_ws/install/offline_timestamp_align_colcon/lib/liboffline_timestamp_align_colcon__rosidl_generator_c.so
-- Set runtime path of "/home/slam/mix_ws/ros2_ws/install/offline_timestamp_align_colcon/lib/liboffline_timestamp_align_colcon__rosidl_generator_c.so" to ""
-- Up-to-date: /home/slam/mix_ws/ros2_ws/install/offline_timestamp_align_colcon/include/offline_timestamp_align_colcon
-- Up-to-date: /home/slam/mix_ws/ros2_ws/install/offline_timestamp_align_colcon/include/offline_timestamp_align_colcon/msg
-- Installing: /home/slam/mix_ws/ros2_ws/install/offline_timestamp_align_colcon/include/offline_timestamp_align_colcon/msg/rosidl_typesupport_fastrtps_c__visibility_control.h
-- Up-to-date: /home/slam/mix_ws/ros2_ws/install/offline_timestamp_align_colcon/include/offline_timestamp_align_colcon/msg/detail
-- Installing: /home/slam/mix_ws/ros2_ws/install/offline_timestamp_align_colcon/include/offline_timestamp_align_colcon/msg/detail/fused_state__rosidl_typesupport_fastrtps_c.h
-- Installing: /home/slam/mix_ws/ros2_ws/install/offline_timestamp_align_colcon/lib/liboffline_timestamp_align_colcon__rosidl_typesupport_fastrtps_c.so
-- Set runtime path of "/home/slam/mix_ws/ros2_ws/install/offline_timestamp_align_colcon/lib/liboffline_timestamp_align_colcon__rosidl_typesupport_fastrtps_c.so" to ""
-- Up-to-date: /home/slam/mix_ws/ros2_ws/install/offline_timestamp_align_colcon/include/offline_timestamp_align_colcon
-- Up-to-date: /home/slam/mix_ws/ros2_ws/install/offline_timestamp_align_colcon/include/offline_timestamp_align_colcon/msg
-- Up-to-date: /home/slam/mix_ws/ros2_ws/install/offline_timestamp_align_colcon/include/offline_timestamp_align_colcon/msg/detail
-- Installing: /home/slam/mix_ws/ros2_ws/install/offline_timestamp_align_colcon/include/offline_timestamp_align_colcon/msg/detail/dds_fastrtps
-- Installing: /home/slam/mix_ws/ros2_ws/install/offline_timestamp_align_colcon/include/offline_timestamp_align_colcon/msg/detail/fused_state__rosidl_typesupport_fastrtps_cpp.hpp
-- Installing: /home/slam/mix_ws/ros2_ws/install/offline_timestamp_align_colcon/include/offline_timestamp_align_colcon/msg/rosidl_typesupport_fastrtps_cpp__visibility_control.h
-- Installing: /home/slam/mix_ws/ros2_ws/install/offline_timestamp_align_colcon/lib/liboffline_timestamp_align_colcon__rosidl_typesupport_fastrtps_cpp.so
-- Set runtime path of "/home/slam/mix_ws/ros2_ws/install/offline_timestamp_align_colcon/lib/liboffline_timestamp_align_colcon__rosidl_typesupport_fastrtps_cpp.so" to ""
-- Up-to-date: /home/slam/mix_ws/ros2_ws/install/offline_timestamp_align_colcon/include/offline_timestamp_align_colcon
-- Up-to-date: /home/slam/mix_ws/ros2_ws/install/offline_timestamp_align_colcon/include/offline_timestamp_align_colcon/msg
-- Up-to-date: /home/slam/mix_ws/ros2_ws/install/offline_timestamp_align_colcon/include/offline_timestamp_align_colcon/msg/detail
-- Installing: /home/slam/mix_ws/ros2_ws/install/offline_timestamp_align_colcon/include/offline_timestamp_align_colcon/msg/detail/fused_state__type_support.c
-- Installing: /home/slam/mix_ws/ros2_ws/install/offline_timestamp_align_colcon/include/offline_timestamp_align_colcon/msg/detail/fused_state__rosidl_typesupport_introspection_c.h
-- Installing: /home/slam/mix_ws/ros2_ws/install/offline_timestamp_align_colcon/include/offline_timestamp_align_colcon/msg/rosidl_typesupport_introspection_c__visibility_control.h
-- Installing: /home/slam/mix_ws/ros2_ws/install/offline_timestamp_align_colcon/lib/liboffline_timestamp_align_colcon__rosidl_typesupport_introspection_c.so
-- Set runtime path of "/home/slam/mix_ws/ros2_ws/install/offline_timestamp_align_colcon/lib/liboffline_timestamp_align_colcon__rosidl_typesupport_introspection_c.so" to ""
-- Installing: /home/slam/mix_ws/ros2_ws/install/offline_timestamp_align_colcon/lib/liboffline_timestamp_align_colcon__rosidl_typesupport_c.so
-- Set runtime path of "/home/slam/mix_ws/ros2_ws/install/offline_timestamp_align_colcon/lib/liboffline_timestamp_align_colcon__rosidl_typesupport_c.so" to ""
-- Up-to-date: /home/slam/mix_ws/ros2_ws/install/offline_timestamp_align_colcon/include/offline_timestamp_align_colcon
-- Up-to-date: /home/slam/mix_ws/ros2_ws/install/offline_timestamp_align_colcon/include/offline_timestamp_align_colcon/msg
-- Up-to-date: /home/slam/mix_ws/ros2_ws/install/offline_timestamp_align_colcon/include/offline_timestamp_align_colcon/msg/detail
-- Installing: /home/slam/mix_ws/ros2_ws/install/offline_timestamp_align_colcon/include/offline_timestamp_align_colcon/msg/detail/fused_state__builder.hpp
-- Installing: /home/slam/mix_ws/ros2_ws/install/offline_timestamp_align_colcon/include/offline_timestamp_align_colcon/msg/detail/fused_state__type_support.hpp
-- Installing: /home/slam/mix_ws/ros2_ws/install/offline_timestamp_align_colcon/include/offline_timestamp_align_colcon/msg/detail/fused_state__struct.hpp
-- Installing: /home/slam/mix_ws/ros2_ws/install/offline_timestamp_align_colcon/include/offline_timestamp_align_colcon/msg/detail/fused_state__traits.hpp
-- Installing: /home/slam/mix_ws/ros2_ws/install/offline_timestamp_align_colcon/include/offline_timestamp_align_colcon/msg/fused_state.hpp
-- Installing: /home/slam/mix_ws/ros2_ws/install/offline_timestamp_align_colcon/include/offline_timestamp_align_colcon/msg/rosidl_generator_cpp__visibility_control.hpp
-- Up-to-date: /home/slam/mix_ws/ros2_ws/install/offline_timestamp_align_colcon/include/offline_timestamp_align_colcon
-- Up-to-date: /home/slam/mix_ws/ros2_ws/install/offline_timestamp_align_colcon/include/offline_timestamp_align_colcon/msg
-- Up-to-date: /home/slam/mix_ws/ros2_ws/install/offline_timestamp_align_colcon/include/offline_timestamp_align_colcon/msg/detail
-- Installing: /home/slam/mix_ws/ros2_ws/install/offline_timestamp_align_colcon/include/offline_timestamp_align_colcon/msg/detail/fused_state__rosidl_typesupport_introspection_cpp.hpp
-- Installing: /home/slam/mix_ws/ros2_ws/install/offline_timestamp_align_colcon/include/offline_timestamp_align_colcon/msg/detail/fused_state__type_support.cpp
-- Installing: /home/slam/mix_ws/ros2_ws/install/offline_timestamp_align_colcon/lib/liboffline_timestamp_align_colcon__rosidl_typesupport_introspection_cpp.so
-- Set runtime path of "/home/slam/mix_ws/ros2_ws/install/offline_timestamp_align_colcon/lib/liboffline_timestamp_align_colcon__rosidl_typesupport_introspection_cpp.so" to ""
-- Installing: /home/slam/mix_ws/ros2_ws/install/offline_timestamp_align_colcon/lib/liboffline_timestamp_align_colcon__rosidl_typesupport_cpp.so
-- Set runtime path of "/home/slam/mix_ws/ros2_ws/install/offline_timestamp_align_colcon/lib/liboffline_timestamp_align_colcon__rosidl_typesupport_cpp.so" to ""
-- Installing: /home/slam/mix_ws/ros2_ws/install/offline_timestamp_align_colcon/share/offline_timestamp_align_colcon/environment/pythonpath.sh
-- Installing: /home/slam/mix_ws/ros2_ws/install/offline_timestamp_align_colcon/share/offline_timestamp_align_colcon/environment/pythonpath.dsv
-- Installing: /home/slam/mix_ws/ros2_ws/install/offline_timestamp_align_colcon/lib/python3.8/site-packages/offline_timestamp_align_colcon/__init__.py
Compiling '/home/slam/mix_ws/ros2_ws/install/offline_timestamp_align_colcon/lib/python3.8/site-packages/offline_timestamp_align_colcon/__init__.py'...
-- Installing: /home/slam/mix_ws/ros2_ws/install/offline_timestamp_align_colcon/lib/python3.8/site-packages/offline_timestamp_align_colcon/msg
-- Installing: /home/slam/mix_ws/ros2_ws/install/offline_timestamp_align_colcon/lib/python3.8/site-packages/offline_timestamp_align_colcon/msg/_fused_state.py
-- Installing: /home/slam/mix_ws/ros2_ws/install/offline_timestamp_align_colcon/lib/python3.8/site-packages/offline_timestamp_align_colcon/msg/__init__.py
-- Installing: /home/slam/mix_ws/ros2_ws/install/offline_timestamp_align_colcon/lib/python3.8/site-packages/offline_timestamp_align_colcon/msg/_fused_state_s.c
-- Installing: /home/slam/mix_ws/ros2_ws/install/offline_timestamp_align_colcon/lib/python3.8/site-packages/offline_timestamp_align_colcon/offline_timestamp_align_colcon_s__rosidl_typesupport_fastrtps_c.cpython-38-x86_64-linux-gnu.so
-- Set runtime path of "/home/slam/mix_ws/ros2_ws/install/offline_timestamp_align_colcon/lib/python3.8/site-packages/offline_timestamp_align_colcon/offline_timestamp_align_colcon_s__rosidl_typesupport_fastrtps_c.cpython-38-x86_64-linux-gnu.so" to ""
-- Installing: /home/slam/mix_ws/ros2_ws/install/offline_timestamp_align_colcon/lib/python3.8/site-packages/offline_timestamp_align_colcon/offline_timestamp_align_colcon_s__rosidl_typesupport_introspection_c.cpython-38-x86_64-linux-gnu.so
-- Set runtime path of "/home/slam/mix_ws/ros2_ws/install/offline_timestamp_align_colcon/lib/python3.8/site-packages/offline_timestamp_align_colcon/offline_timestamp_align_colcon_s__rosidl_typesupport_introspection_c.cpython-38-x86_64-linux-gnu.so" to ""
-- Installing: /home/slam/mix_ws/ros2_ws/install/offline_timestamp_align_colcon/lib/python3.8/site-packages/offline_timestamp_align_colcon/offline_timestamp_align_colcon_s__rosidl_typesupport_c.cpython-38-x86_64-linux-gnu.so
-- Set runtime path of "/home/slam/mix_ws/ros2_ws/install/offline_timestamp_align_colcon/lib/python3.8/site-packages/offline_timestamp_align_colcon/offline_timestamp_align_colcon_s__rosidl_typesupport_c.cpython-38-x86_64-linux-gnu.so" to ""
-- Installing: /home/slam/mix_ws/ros2_ws/install/offline_timestamp_align_colcon/lib/liboffline_timestamp_align_colcon__python.so
-- Set runtime path of "/home/slam/mix_ws/ros2_ws/install/offline_timestamp_align_colcon/lib/liboffline_timestamp_align_colcon__python.so" to ""
-- Installing: /home/slam/mix_ws/ros2_ws/install/offline_timestamp_align_colcon/share/offline_timestamp_align_colcon/msg/FusedState.idl
-- Installing: /home/slam/mix_ws/ros2_ws/install/offline_timestamp_align_colcon/share/offline_timestamp_align_colcon/msg/FusedState.msg
-- Installing: /home/slam/mix_ws/ros2_ws/install/offline_timestamp_align_colcon/lib/offline_timestamp_align_colcon/cam_w_norm_calculate_colcon
-- Set runtime path of "/home/slam/mix_ws/ros2_ws/install/offline_timestamp_align_colcon/lib/offline_timestamp_align_colcon/cam_w_norm_calculate_colcon" to ""
-- Installing: /home/slam/mix_ws/ros2_ws/install/offline_timestamp_align_colcon/lib/offline_timestamp_align_colcon/imu_w_norm_calculate_colcon
-- Installing: /home/slam/mix_ws/ros2_ws/install/offline_timestamp_align_colcon/lib/offline_timestamp_align_colcon/time_offset_calculate_portion_colcon
-- Installing: /home/slam/mix_ws/ros2_ws/install/offline_timestamp_align_colcon/lib/offline_timestamp_align_colcon/time_offset_calculate_norm_colcon
-- Installing: /home/slam/mix_ws/ros2_ws/install/offline_timestamp_align_colcon/lib/offline_timestamp_align_colcon/timestamp_correct_colcon
-- Installing: /home/slam/mix_ws/ros2_ws/install/offline_timestamp_align_colcon/lib/offline_timestamp_align_colcon/publish_node_colcon
-- Set runtime path of "/home/slam/mix_ws/ros2_ws/install/offline_timestamp_align_colcon/lib/offline_timestamp_align_colcon/publish_node_colcon" to ""
-- Installing: /home/slam/mix_ws/ros2_ws/install/offline_timestamp_align_colcon/lib/offline_timestamp_align_colcon/fusion_node_colcon
-- Set runtime path of "/home/slam/mix_ws/ros2_ws/install/offline_timestamp_align_colcon/lib/offline_timestamp_align_colcon/fusion_node_colcon" to ""
-- Installing: /home/slam/mix_ws/ros2_ws/install/offline_timestamp_align_colcon/share/offline_timestamp_align_colcon/launch
-- Installing: /home/slam/mix_ws/ros2_ws/install/offline_timestamp_align_colcon/share/offline_timestamp_align_colcon/launch/split.launch.py
-- Installing: /home/slam/mix_ws/ros2_ws/install/offline_timestamp_align_colcon/share/offline_timestamp_align_colcon/launch/offline_timestamp_align_colcon.launch.py
-- Installing: /home/slam/mix_ws/ros2_ws/install/offline_timestamp_align_colcon/share/ament_index/resource_index/package_run_dependencies/offline_timestamp_align_colcon
-- Installing: /home/slam/mix_ws/ros2_ws/install/offline_timestamp_align_colcon/share/ament_index/resource_index/parent_prefix_path/offline_timestamp_align_colcon
-- Installing: /home/slam/mix_ws/ros2_ws/install/offline_timestamp_align_colcon/share/offline_timestamp_align_colcon/environment/ament_prefix_path.sh
-- Installing: /home/slam/mix_ws/ros2_ws/install/offline_timestamp_align_colcon/share/offline_timestamp_align_colcon/environment/ament_prefix_path.dsv
-- Installing: /home/slam/mix_ws/ros2_ws/install/offline_timestamp_align_colcon/share/offline_timestamp_align_colcon/environment/path.sh
-- Installing: /home/slam/mix_ws/ros2_ws/install/offline_timestamp_align_colcon/share/offline_timestamp_align_colcon/environment/path.dsv
-- Installing: /home/slam/mix_ws/ros2_ws/install/offline_timestamp_align_colcon/share/offline_timestamp_align_colcon/local_setup.bash
-- Installing: /home/slam/mix_ws/ros2_ws/install/offline_timestamp_align_colcon/share/offline_timestamp_align_colcon/local_setup.sh
-- Installing: /home/slam/mix_ws/ros2_ws/install/offline_timestamp_align_colcon/share/offline_timestamp_align_colcon/local_setup.zsh
-- Installing: /home/slam/mix_ws/ros2_ws/install/offline_timestamp_align_colcon/share/offline_timestamp_align_colcon/local_setup.dsv
-- Installing: /home/slam/mix_ws/ros2_ws/install/offline_timestamp_align_colcon/share/offline_timestamp_align_colcon/package.dsv
-- Installing: /home/slam/mix_ws/ros2_ws/install/offline_timestamp_align_colcon/share/ament_index/resource_index/packages/offline_timestamp_align_colcon
-- Installing: /home/slam/mix_ws/ros2_ws/install/offline_timestamp_align_colcon/share/offline_timestamp_align_colcon/cmake/offline_timestamp_align_colcon__rosidl_generator_cExport.cmake
-- Installing: /home/slam/mix_ws/ros2_ws/install/offline_timestamp_align_colcon/share/offline_timestamp_align_colcon/cmake/offline_timestamp_align_colcon__rosidl_generator_cExport-noconfig.cmake
-- Installing: /home/slam/mix_ws/ros2_ws/install/offline_timestamp_align_colcon/share/offline_timestamp_align_colcon/cmake/offline_timestamp_align_colcon__rosidl_typesupport_introspection_cExport.cmake
-- Installing: /home/slam/mix_ws/ros2_ws/install/offline_timestamp_align_colcon/share/offline_timestamp_align_colcon/cmake/offline_timestamp_align_colcon__rosidl_typesupport_introspection_cExport-noconfig.cmake
-- Installing: /home/slam/mix_ws/ros2_ws/install/offline_timestamp_align_colcon/share/offline_timestamp_align_colcon/cmake/offline_timestamp_align_colcon__rosidl_typesupport_cExport.cmake
-- Installing: /home/slam/mix_ws/ros2_ws/install/offline_timestamp_align_colcon/share/offline_timestamp_align_colcon/cmake/offline_timestamp_align_colcon__rosidl_typesupport_cExport-noconfig.cmake
-- Installing: /home/slam/mix_ws/ros2_ws/install/offline_timestamp_align_colcon/share/offline_timestamp_align_colcon/cmake/offline_timestamp_align_colcon__rosidl_generator_cppExport.cmake
-- Installing: /home/slam/mix_ws/ros2_ws/install/offline_timestamp_align_colcon/share/offline_timestamp_align_colcon/cmake/offline_timestamp_align_colcon__rosidl_typesupport_introspection_cppExport.cmake
-- Installing: /home/slam/mix_ws/ros2_ws/install/offline_timestamp_align_colcon/share/offline_timestamp_align_colcon/cmake/offline_timestamp_align_colcon__rosidl_typesupport_introspection_cppExport-noconfig.cmake
-- Installing: /home/slam/mix_ws/ros2_ws/install/offline_timestamp_align_colcon/share/offline_timestamp_align_colcon/cmake/offline_timestamp_align_colcon__rosidl_typesupport_cppExport.cmake
-- Installing: /home/slam/mix_ws/ros2_ws/install/offline_timestamp_align_colcon/share/offline_timestamp_align_colcon/cmake/offline_timestamp_align_colcon__rosidl_typesupport_cppExport-noconfig.cmake
-- Installing: /home/slam/mix_ws/ros2_ws/install/offline_timestamp_align_colcon/share/offline_timestamp_align_colcon/cmake/rosidl_cmake-extras.cmake
-- Installing: /home/slam/mix_ws/ros2_ws/install/offline_timestamp_align_colcon/share/offline_timestamp_align_colcon/cmake/ament_cmake_export_dependencies-extras.cmake
-- Installing: /home/slam/mix_ws/ros2_ws/install/offline_timestamp_align_colcon/share/offline_timestamp_align_colcon/cmake/ament_cmake_export_libraries-extras.cmake
-- Installing: /home/slam/mix_ws/ros2_ws/install/offline_timestamp_align_colcon/share/offline_timestamp_align_colcon/cmake/ament_cmake_export_targets-extras.cmake
-- Installing: /home/slam/mix_ws/ros2_ws/install/offline_timestamp_align_colcon/share/offline_timestamp_align_colcon/cmake/ament_cmake_export_include_directories-extras.cmake
-- Installing: /home/slam/mix_ws/ros2_ws/install/offline_timestamp_align_colcon/share/offline_timestamp_align_colcon/cmake/rosidl_cmake_export_typesupport_libraries-extras.cmake
-- Installing: /home/slam/mix_ws/ros2_ws/install/offline_timestamp_align_colcon/share/offline_timestamp_align_colcon/cmake/rosidl_cmake_export_typesupport_targets-extras.cmake
-- Installing: /home/slam/mix_ws/ros2_ws/install/offline_timestamp_align_colcon/share/offline_timestamp_align_colcon/cmake/offline_timestamp_align_colconConfig.cmake
-- Installing: /home/slam/mix_ws/ros2_ws/install/offline_timestamp_align_colcon/share/offline_timestamp_align_colcon/cmake/offline_timestamp_align_colconConfig-version.cmake
-- Installing: /home/slam/mix_ws/ros2_ws/install/offline_timestamp_align_colcon/share/offline_timestamp_align_colcon/package.xml
