[0.007s] Invoking command in '/home/slam/mix_ws/ros2_ws/build/offline_timestamp_align_colcon': CMAKE_PREFIX_PATH=/opt/ros/foxy /usr/bin/cmake /home/slam/mix_ws/ros2_ws/src/offline_timestamp_align_colcon -DCMAKE_INSTALL_PREFIX=/home/slam/mix_ws/ros2_ws/install/offline_timestamp_align_colcon
[0.050s] -- The C compiler identification is GNU 9.4.0
[0.083s] -- The CXX compiler identification is GNU 9.4.0
[0.086s] -- Check for working C compiler: /usr/bin/cc
[0.131s] -- Check for working C compiler: /usr/bin/cc -- works
[0.131s] -- Detecting C compiler ABI info
[0.177s] -- Detecting C compiler ABI info - done
[0.182s] -- Detecting C compile features
[0.183s] -- Detecting C compile features - done
[0.184s] -- Check for working CXX compiler: /usr/bin/c++
[0.235s] -- Check for working CXX compiler: /usr/bin/c++ -- works
[0.235s] -- Detecting CXX compiler ABI info
[0.290s] -- Detecting CXX compiler ABI info - done
[0.297s] -- Detecting CXX compile features
[0.298s] -- Detecting CXX compile features - done
[0.299s] -- Found ament_cmake: 0.9.12 (/opt/ros/foxy/share/ament_cmake/cmake)
[0.315s] -- Found PythonInterp: /usr/bin/python3 (found suitable version "3.8.10", minimum required is "3") 
[0.315s] -- Using PYTHON_EXECUTABLE: /usr/bin/python3
[0.427s] -- Found rclcpp: 2.4.3 (/opt/ros/foxy/share/rclcpp/cmake)
[0.452s] -- Using all available rosidl_typesupport_c: rosidl_typesupport_fastrtps_c;rosidl_typesupport_introspection_c
[0.455s] -- Found rosidl_adapter: 1.3.1 (/opt/ros/foxy/share/rosidl_adapter/cmake)
[0.501s] -- Found OpenSSL: /usr/lib/x86_64-linux-gnu/libcrypto.so (found version "1.1.1f")  
[0.519s] -- Found FastRTPS: /opt/ros/foxy/include  
[0.567s] -- Using all available rosidl_typesupport_cpp: rosidl_typesupport_fastrtps_cpp;rosidl_typesupport_introspection_cpp
[0.600s] -- Found rmw_implementation_cmake: 1.0.4 (/opt/ros/foxy/share/rmw_implementation_cmake/cmake)
[0.601s] -- Using RMW implementation 'rmw_fastrtps_cpp' as default
[0.601s] -- Looking for pthread.h
[0.650s] -- Looking for pthread.h - found
[0.650s] -- Performing Test CMAKE_HAVE_LIBC_PTHREAD
[0.696s] -- Performing Test CMAKE_HAVE_LIBC_PTHREAD - Failed
[0.696s] -- Looking for pthread_create in pthreads
[0.737s] -- Looking for pthread_create in pthreads - not found
[0.737s] -- Looking for pthread_create in pthread
[0.784s] -- Looking for pthread_create in pthread - found
[0.785s] -- Found Threads: TRUE  
[0.879s] -- Found sensor_msgs: 2.0.5 (/opt/ros/foxy/share/sensor_msgs/cmake)
[0.952s] -- Found cv_bridge: 3.0.7 (/opt/ros/foxy/share/cv_bridge/cmake)
[0.972s] -- Found OpenCV: /usr (found version "4.2.0") 
[0.973s] -- Found rosidl_default_generators: 1.0.1 (/opt/ros/foxy/share/rosidl_default_generators/cmake)
[0.995s] -- Found PythonInterp: /usr/bin/python3 (found version "3.8.10") 
[1.116s] -- Found ament_cmake_ros: 0.9.2 (/opt/ros/foxy/share/ament_cmake_ros/cmake)
[1.287s] -- Using all available rosidl_typesupport_c: rosidl_typesupport_fastrtps_c;rosidl_typesupport_introspection_c
[1.376s] -- Using all available rosidl_typesupport_cpp: rosidl_typesupport_fastrtps_cpp;rosidl_typesupport_introspection_cpp
[1.393s] -- Found PythonInterp: /usr/bin/python3 (found suitable version "3.8.10", minimum required is "3.5") 
[1.393s] -- Found python_cmake_module: 0.8.1 (/opt/ros/foxy/share/python_cmake_module/cmake)
[1.411s] -- Found PythonLibs: /usr/lib/x86_64-linux-gnu/libpython3.8.so (found suitable version "3.8.10", minimum required is "3.5") 
[1.411s] -- Using PYTHON_EXECUTABLE: /usr/bin/python3
[1.411s] -- Using PYTHON_INCLUDE_DIRS: /usr/include/python3.8
[1.411s] -- Using PYTHON_LIBRARIES: /usr/lib/x86_64-linux-gnu/libpython3.8.so
[1.425s] -- Found PythonExtra: .so  
[1.492s] -- Found ament_lint_auto: 0.9.8 (/opt/ros/foxy/share/ament_lint_auto/cmake)
[1.503s] -- Added test 'copyright' to check source files copyright and LICENSE
[1.503s] -- Added test 'cppcheck' to perform static code analysis on C / C++ code
[1.504s] -- Configured cppcheck include dirs: 
[1.504s] -- Configured cppcheck exclude dirs and/or files: 
[1.505s] -- Added test 'cpplint' to check C / C++ code against the Google style
[1.505s] -- Configured cpplint exclude dirs and/or files: 
[1.505s] -- Added test 'flake8' to check Python code syntax and style conventions
[1.505s] -- Added test 'lint_cmake' to check CMake code style
[1.506s] -- Added test 'pep257' to check Python code against some of the style conventions in PEP 257
[1.506s] -- Added test 'uncrustify' to check C / C++ code style
[1.506s] -- Configured uncrustify additional arguments: 
[1.506s] -- Added test 'xmllint' to check XML markup files
[1.509s] -- Configuring done
[1.564s] -- Generating done
[1.589s] -- Build files have been written to: /home/slam/mix_ws/ros2_ws/build/offline_timestamp_align_colcon
[1.597s] Invoked command in '/home/slam/mix_ws/ros2_ws/build/offline_timestamp_align_colcon' returned '0': CMAKE_PREFIX_PATH=/opt/ros/foxy /usr/bin/cmake /home/slam/mix_ws/ros2_ws/src/offline_timestamp_align_colcon -DCMAKE_INSTALL_PREFIX=/home/slam/mix_ws/ros2_ws/install/offline_timestamp_align_colcon
[1.600s] Invoking command in '/home/slam/mix_ws/ros2_ws/build/offline_timestamp_align_colcon': CMAKE_PREFIX_PATH=/opt/ros/foxy /usr/bin/cmake --build /home/slam/mix_ws/ros2_ws/build/offline_timestamp_align_colcon -- -j2 -l2
[1.628s] [  2%] [34m[1mGenerating C code for ROS interfaces[0m
[1.629s] [35m[1mScanning dependencies of target offline_timestamp_align_colcon__cpp[0m
[1.642s] [  4%] [34m[1mGenerating C++ code for ROS interfaces[0m
[1.811s] [35m[1mScanning dependencies of target offline_timestamp_align_colcon__rosidl_generator_c[0m
[1.820s] [  6%] [32mBuilding C object CMakeFiles/offline_timestamp_align_colcon__rosidl_generator_c.dir/rosidl_generator_c/offline_timestamp_align_colcon/msg/detail/fused_state__functions.c.o[0m
[1.827s] [  6%] Built target offline_timestamp_align_colcon__cpp
[1.918s] [35m[1mScanning dependencies of target imu_w_norm_calculate_colcon[0m
[2.015s] [  8%] [32mBuilding CXX object CMakeFiles/imu_w_norm_calculate_colcon.dir/src/imu_w_norm_calculate_colcon.cpp.o[0m
[2.022s] [ 11%] [32m[1mLinking C shared library liboffline_timestamp_align_colcon__rosidl_generator_c.so[0m
[2.048s] [ 11%] Built target offline_timestamp_align_colcon__rosidl_generator_c
[2.055s] [35m[1mScanning dependencies of target time_offset_calculate_portion_colcon[0m
[2.062s] [ 13%] [32mBuilding CXX object CMakeFiles/time_offset_calculate_portion_colcon.dir/src/time_offset_calculate_portion_colcon.cpp.o[0m
[2.290s] [ 15%] [32m[1mLinking CXX executable imu_w_norm_calculate_colcon[0m
[2.342s] [ 15%] Built target imu_w_norm_calculate_colcon
[2.350s] [35m[1mScanning dependencies of target cam_w_norm_calculate_colcon[0m
[2.370s] [ 17%] [32mBuilding CXX object CMakeFiles/cam_w_norm_calculate_colcon.dir/src/cam_w_norm_calculate_colcon.cpp.o[0m
[2.417s] [ 20%] [32m[1mLinking CXX executable time_offset_calculate_portion_colcon[0m
[2.469s] [ 20%] Built target time_offset_calculate_portion_colcon
[2.475s] [35m[1mScanning dependencies of target time_offset_calculate_norm_colcon[0m
[2.482s] [ 22%] [32mBuilding CXX object CMakeFiles/time_offset_calculate_norm_colcon.dir/src/time_offset_calculate_norm_colcon.cpp.o[0m
[2.805s] [ 24%] [32m[1mLinking CXX executable time_offset_calculate_norm_colcon[0m
[2.859s] [ 24%] Built target time_offset_calculate_norm_colcon
[2.865s] [35m[1mScanning dependencies of target publish_node_colcon[0m
[2.900s] [ 26%] [32mBuilding CXX object CMakeFiles/publish_node_colcon.dir/src/publish_node_colcon.cpp.o[0m
[3.707s] [ 28%] [32m[1mLinking CXX executable cam_w_norm_calculate_colcon[0m
[3.968s] [ 28%] Built target cam_w_norm_calculate_colcon
[3.976s] [35m[1mScanning dependencies of target timestamp_correct_colcon[0m
[3.984s] [ 31%] [32mBuilding CXX object CMakeFiles/timestamp_correct_colcon.dir/src/timestamp_correct_colcon.cpp.o[0m
[4.229s] [ 33%] [32m[1mLinking CXX executable timestamp_correct_colcon[0m
[4.279s] [ 33%] Built target timestamp_correct_colcon
[4.286s] [ 35%] [34m[1mGenerating C++ type support for eProsima Fast-RTPS[0m
[4.478s] [35m[1mScanning dependencies of target offline_timestamp_align_colcon__rosidl_typesupport_fastrtps_cpp[0m
[4.493s] [ 37%] [32mBuilding CXX object CMakeFiles/offline_timestamp_align_colcon__rosidl_typesupport_fastrtps_cpp.dir/rosidl_typesupport_fastrtps_cpp/offline_timestamp_align_colcon/msg/detail/dds_fastrtps/fused_state__type_support.cpp.o[0m
[4.813s] [ 40%] [32m[1mLinking CXX shared library liboffline_timestamp_align_colcon__rosidl_typesupport_fastrtps_cpp.so[0m
[4.881s] [ 40%] Built target offline_timestamp_align_colcon__rosidl_typesupport_fastrtps_cpp
[4.890s] [ 42%] [34m[1mGenerating C++ introspection for ROS interfaces[0m
[5.080s] [35m[1mScanning dependencies of target offline_timestamp_align_colcon__rosidl_typesupport_introspection_cpp[0m
[5.092s] [ 44%] [32mBuilding CXX object CMakeFiles/offline_timestamp_align_colcon__rosidl_typesupport_introspection_cpp.dir/rosidl_typesupport_introspection_cpp/offline_timestamp_align_colcon/msg/detail/fused_state__type_support.cpp.o[0m
[5.340s] [ 46%] [32m[1mLinking CXX shared library liboffline_timestamp_align_colcon__rosidl_typesupport_introspection_cpp.so[0m
[5.396s] [ 46%] Built target offline_timestamp_align_colcon__rosidl_typesupport_introspection_cpp
[5.404s] [ 48%] [34m[1mGenerating C type support dispatch for ROS interfaces[0m
[5.564s] [35m[1mScanning dependencies of target offline_timestamp_align_colcon__rosidl_typesupport_c[0m
[5.575s] [ 51%] [32mBuilding CXX object CMakeFiles/offline_timestamp_align_colcon__rosidl_typesupport_c.dir/rosidl_typesupport_c/offline_timestamp_align_colcon/msg/fused_state__type_support.cpp.o[0m
[5.597s] [ 53%] [32m[1mLinking CXX shared library liboffline_timestamp_align_colcon__rosidl_typesupport_c.so[0m
[5.628s] [ 53%] Built target offline_timestamp_align_colcon__rosidl_typesupport_c
[5.636s] [ 55%] [34m[1mGenerating C introspection for ROS interfaces[0m
[5.802s] [35m[1mScanning dependencies of target offline_timestamp_align_colcon__rosidl_typesupport_introspection_c[0m
[5.813s] [ 57%] [32mBuilding C object CMakeFiles/offline_timestamp_align_colcon__rosidl_typesupport_introspection_c.dir/rosidl_typesupport_introspection_c/offline_timestamp_align_colcon/msg/detail/fused_state__type_support.c.o[0m
[5.838s] [ 60%] [32m[1mLinking C shared library liboffline_timestamp_align_colcon__rosidl_typesupport_introspection_c.so[0m
[5.860s] [ 60%] Built target offline_timestamp_align_colcon__rosidl_typesupport_introspection_c
[5.868s] [ 62%] [34m[1mGenerating C++ type support dispatch for ROS interfaces[0m
[6.021s] [35m[1mScanning dependencies of target offline_timestamp_align_colcon__rosidl_typesupport_cpp[0m
[6.031s] [ 64%] [32mBuilding CXX object CMakeFiles/offline_timestamp_align_colcon__rosidl_typesupport_cpp.dir/rosidl_typesupport_cpp/offline_timestamp_align_colcon/msg/fused_state__type_support.cpp.o[0m
[6.191s] [ 66%] [32m[1mLinking CXX shared library liboffline_timestamp_align_colcon__rosidl_typesupport_cpp.so[0m
[6.221s] [ 66%] Built target offline_timestamp_align_colcon__rosidl_typesupport_cpp
[6.229s] [ 68%] [34m[1mGenerating C type support for eProsima Fast-RTPS[0m
[6.404s] [35m[1mScanning dependencies of target offline_timestamp_align_colcon__rosidl_typesupport_fastrtps_c[0m
[6.419s] [ 71%] [32mBuilding CXX object CMakeFiles/offline_timestamp_align_colcon__rosidl_typesupport_fastrtps_c.dir/rosidl_typesupport_fastrtps_c/offline_timestamp_align_colcon/msg/detail/fused_state__type_support_c.cpp.o[0m
[6.545s] [ 73%] [32m[1mLinking CXX executable publish_node_colcon[0m
[6.629s] [ 75%] [32m[1mLinking CXX shared library liboffline_timestamp_align_colcon__rosidl_typesupport_fastrtps_c.so[0m
[6.691s] [ 75%] Built target offline_timestamp_align_colcon__rosidl_typesupport_fastrtps_c
[6.698s] [35m[1mScanning dependencies of target offline_timestamp_align_colcon[0m
[6.706s] [ 75%] Built target offline_timestamp_align_colcon
[6.712s] [35m[1mScanning dependencies of target offline_timestamp_align_colcon__py[0m
[6.720s] [ 77%] [34m[1mGenerating Python code for ROS interfaces[0m
[6.881s] [ 77%] Built target publish_node_colcon
[6.888s] [35m[1mScanning dependencies of target fusion_node_colcon[0m
[6.913s] [ 80%] [32mBuilding CXX object CMakeFiles/fusion_node_colcon.dir/src/fusion_node_colcon.cpp.o[0m
[7.055s] [ 80%] Built target offline_timestamp_align_colcon__py
[7.063s] [35m[1mScanning dependencies of target offline_timestamp_align_colcon__python[0m
[7.079s] [ 82%] [32mBuilding C object CMakeFiles/offline_timestamp_align_colcon__python.dir/rosidl_generator_py/offline_timestamp_align_colcon/msg/_fused_state_s.c.o[0m
[7.141s] [ 84%] [32m[1mLinking C shared library rosidl_generator_py/offline_timestamp_align_colcon/liboffline_timestamp_align_colcon__python.so[0m
[7.175s] [ 84%] Built target offline_timestamp_align_colcon__python
[7.183s] [35m[1mScanning dependencies of target offline_timestamp_align_colcon__rosidl_typesupport_fastrtps_c__pyext[0m
[7.199s] [ 86%] [32mBuilding C object CMakeFiles/offline_timestamp_align_colcon__rosidl_typesupport_fastrtps_c__pyext.dir/rosidl_generator_py/offline_timestamp_align_colcon/_offline_timestamp_align_colcon_s.ep.rosidl_typesupport_fastrtps_c.c.o[0m
[7.248s] [ 88%] [32m[1mLinking CXX shared library rosidl_generator_py/offline_timestamp_align_colcon/offline_timestamp_align_colcon_s__rosidl_typesupport_fastrtps_c.cpython-38-x86_64-linux-gnu.so[0m
[7.295s] [ 88%] Built target offline_timestamp_align_colcon__rosidl_typesupport_fastrtps_c__pyext
[7.302s] [35m[1mScanning dependencies of target offline_timestamp_align_colcon__rosidl_typesupport_introspection_c__pyext[0m
[7.316s] [ 91%] [32mBuilding C object CMakeFiles/offline_timestamp_align_colcon__rosidl_typesupport_introspection_c__pyext.dir/rosidl_generator_py/offline_timestamp_align_colcon/_offline_timestamp_align_colcon_s.ep.rosidl_typesupport_introspection_c.c.o[0m
[7.365s] [ 93%] [32m[1mLinking C shared library rosidl_generator_py/offline_timestamp_align_colcon/offline_timestamp_align_colcon_s__rosidl_typesupport_introspection_c.cpython-38-x86_64-linux-gnu.so[0m
[7.392s] [ 93%] Built target offline_timestamp_align_colcon__rosidl_typesupport_introspection_c__pyext
[7.399s] [35m[1mScanning dependencies of target offline_timestamp_align_colcon__rosidl_typesupport_c__pyext[0m
[7.414s] [ 95%] [32mBuilding C object CMakeFiles/offline_timestamp_align_colcon__rosidl_typesupport_c__pyext.dir/rosidl_generator_py/offline_timestamp_align_colcon/_offline_timestamp_align_colcon_s.ep.rosidl_typesupport_c.c.o[0m
[7.534s] [ 97%] [32m[1mLinking C shared library rosidl_generator_py/offline_timestamp_align_colcon/offline_timestamp_align_colcon_s__rosidl_typesupport_c.cpython-38-x86_64-linux-gnu.so[0m
[7.670s] [ 97%] Built target offline_timestamp_align_colcon__rosidl_typesupport_c__pyext
[11.719s] [100%] [32m[1mLinking CXX executable fusion_node_colcon[0m
[11.908s] [100%] Built target fusion_node_colcon
[11.917s] Invoked command in '/home/slam/mix_ws/ros2_ws/build/offline_timestamp_align_colcon' returned '0': CMAKE_PREFIX_PATH=/opt/ros/foxy /usr/bin/cmake --build /home/slam/mix_ws/ros2_ws/build/offline_timestamp_align_colcon -- -j2 -l2
[11.926s] Invoking command in '/home/slam/mix_ws/ros2_ws/build/offline_timestamp_align_colcon': CMAKE_PREFIX_PATH=/opt/ros/foxy /usr/bin/cmake --install /home/slam/mix_ws/ros2_ws/build/offline_timestamp_align_colcon
[11.933s] -- Install configuration: ""
[11.934s] -- Installing: /home/slam/mix_ws/ros2_ws/install/offline_timestamp_align_colcon/share/ament_index/resource_index/rosidl_interfaces/offline_timestamp_align_colcon
[11.934s] -- Installing: /home/slam/mix_ws/ros2_ws/install/offline_timestamp_align_colcon/include/offline_timestamp_align_colcon
[11.934s] -- Installing: /home/slam/mix_ws/ros2_ws/install/offline_timestamp_align_colcon/include/offline_timestamp_align_colcon/msg
[11.934s] -- Installing: /home/slam/mix_ws/ros2_ws/install/offline_timestamp_align_colcon/include/offline_timestamp_align_colcon/msg/detail
[11.934s] -- Installing: /home/slam/mix_ws/ros2_ws/install/offline_timestamp_align_colcon/include/offline_timestamp_align_colcon/msg/detail/fused_state__functions.h
[11.934s] -- Installing: /home/slam/mix_ws/ros2_ws/install/offline_timestamp_align_colcon/include/offline_timestamp_align_colcon/msg/detail/fused_state__functions.c
[11.935s] -- Installing: /home/slam/mix_ws/ros2_ws/install/offline_timestamp_align_colcon/include/offline_timestamp_align_colcon/msg/detail/fused_state__type_support.h
[11.935s] -- Installing: /home/slam/mix_ws/ros2_ws/install/offline_timestamp_align_colcon/include/offline_timestamp_align_colcon/msg/detail/fused_state__struct.h
[11.935s] -- Installing: /home/slam/mix_ws/ros2_ws/install/offline_timestamp_align_colcon/include/offline_timestamp_align_colcon/msg/fused_state.h
[11.935s] -- Installing: /home/slam/mix_ws/ros2_ws/install/offline_timestamp_align_colcon/include/offline_timestamp_align_colcon/msg/rosidl_generator_c__visibility_control.h
[11.935s] -- Installing: /home/slam/mix_ws/ros2_ws/install/offline_timestamp_align_colcon/share/offline_timestamp_align_colcon/environment/library_path.sh
[11.935s] -- Installing: /home/slam/mix_ws/ros2_ws/install/offline_timestamp_align_colcon/share/offline_timestamp_align_colcon/environment/library_path.dsv
[11.935s] -- Installing: /home/slam/mix_ws/ros2_ws/install/offline_timestamp_align_colcon/lib/liboffline_timestamp_align_colcon__rosidl_generator_c.so
[11.936s] -- Set runtime path of "/home/slam/mix_ws/ros2_ws/install/offline_timestamp_align_colcon/lib/liboffline_timestamp_align_colcon__rosidl_generator_c.so" to ""
[11.936s] -- Up-to-date: /home/slam/mix_ws/ros2_ws/install/offline_timestamp_align_colcon/include/offline_timestamp_align_colcon
[11.936s] -- Up-to-date: /home/slam/mix_ws/ros2_ws/install/offline_timestamp_align_colcon/include/offline_timestamp_align_colcon/msg
[11.936s] -- Installing: /home/slam/mix_ws/ros2_ws/install/offline_timestamp_align_colcon/include/offline_timestamp_align_colcon/msg/rosidl_typesupport_fastrtps_c__visibility_control.h
[11.936s] -- Up-to-date: /home/slam/mix_ws/ros2_ws/install/offline_timestamp_align_colcon/include/offline_timestamp_align_colcon/msg/detail
[11.936s] -- Installing: /home/slam/mix_ws/ros2_ws/install/offline_timestamp_align_colcon/include/offline_timestamp_align_colcon/msg/detail/fused_state__rosidl_typesupport_fastrtps_c.h
[11.936s] -- Installing: /home/slam/mix_ws/ros2_ws/install/offline_timestamp_align_colcon/lib/liboffline_timestamp_align_colcon__rosidl_typesupport_fastrtps_c.so
[11.937s] -- Set runtime path of "/home/slam/mix_ws/ros2_ws/install/offline_timestamp_align_colcon/lib/liboffline_timestamp_align_colcon__rosidl_typesupport_fastrtps_c.so" to ""
[11.937s] -- Up-to-date: /home/slam/mix_ws/ros2_ws/install/offline_timestamp_align_colcon/include/offline_timestamp_align_colcon
[11.937s] -- Up-to-date: /home/slam/mix_ws/ros2_ws/install/offline_timestamp_align_colcon/include/offline_timestamp_align_colcon/msg
[11.937s] -- Up-to-date: /home/slam/mix_ws/ros2_ws/install/offline_timestamp_align_colcon/include/offline_timestamp_align_colcon/msg/detail
[11.937s] -- Installing: /home/slam/mix_ws/ros2_ws/install/offline_timestamp_align_colcon/include/offline_timestamp_align_colcon/msg/detail/dds_fastrtps
[11.937s] -- Installing: /home/slam/mix_ws/ros2_ws/install/offline_timestamp_align_colcon/include/offline_timestamp_align_colcon/msg/detail/fused_state__rosidl_typesupport_fastrtps_cpp.hpp
[11.937s] -- Installing: /home/slam/mix_ws/ros2_ws/install/offline_timestamp_align_colcon/include/offline_timestamp_align_colcon/msg/rosidl_typesupport_fastrtps_cpp__visibility_control.h
[11.938s] -- Installing: /home/slam/mix_ws/ros2_ws/install/offline_timestamp_align_colcon/lib/liboffline_timestamp_align_colcon__rosidl_typesupport_fastrtps_cpp.so
[11.938s] -- Set runtime path of "/home/slam/mix_ws/ros2_ws/install/offline_timestamp_align_colcon/lib/liboffline_timestamp_align_colcon__rosidl_typesupport_fastrtps_cpp.so" to ""
[11.938s] -- Up-to-date: /home/slam/mix_ws/ros2_ws/install/offline_timestamp_align_colcon/include/offline_timestamp_align_colcon
[11.938s] -- Up-to-date: /home/slam/mix_ws/ros2_ws/install/offline_timestamp_align_colcon/include/offline_timestamp_align_colcon/msg
[11.938s] -- Up-to-date: /home/slam/mix_ws/ros2_ws/install/offline_timestamp_align_colcon/include/offline_timestamp_align_colcon/msg/detail
[11.938s] -- Installing: /home/slam/mix_ws/ros2_ws/install/offline_timestamp_align_colcon/include/offline_timestamp_align_colcon/msg/detail/fused_state__type_support.c
[11.939s] -- Installing: /home/slam/mix_ws/ros2_ws/install/offline_timestamp_align_colcon/include/offline_timestamp_align_colcon/msg/detail/fused_state__rosidl_typesupport_introspection_c.h
[11.939s] -- Installing: /home/slam/mix_ws/ros2_ws/install/offline_timestamp_align_colcon/include/offline_timestamp_align_colcon/msg/rosidl_typesupport_introspection_c__visibility_control.h
[11.939s] -- Installing: /home/slam/mix_ws/ros2_ws/install/offline_timestamp_align_colcon/lib/liboffline_timestamp_align_colcon__rosidl_typesupport_introspection_c.so
[11.939s] -- Set runtime path of "/home/slam/mix_ws/ros2_ws/install/offline_timestamp_align_colcon/lib/liboffline_timestamp_align_colcon__rosidl_typesupport_introspection_c.so" to ""
[11.939s] -- Installing: /home/slam/mix_ws/ros2_ws/install/offline_timestamp_align_colcon/lib/liboffline_timestamp_align_colcon__rosidl_typesupport_c.so
[11.940s] -- Set runtime path of "/home/slam/mix_ws/ros2_ws/install/offline_timestamp_align_colcon/lib/liboffline_timestamp_align_colcon__rosidl_typesupport_c.so" to ""
[11.940s] -- Up-to-date: /home/slam/mix_ws/ros2_ws/install/offline_timestamp_align_colcon/include/offline_timestamp_align_colcon
[11.940s] -- Up-to-date: /home/slam/mix_ws/ros2_ws/install/offline_timestamp_align_colcon/include/offline_timestamp_align_colcon/msg
[11.940s] -- Up-to-date: /home/slam/mix_ws/ros2_ws/install/offline_timestamp_align_colcon/include/offline_timestamp_align_colcon/msg/detail
[11.940s] -- Installing: /home/slam/mix_ws/ros2_ws/install/offline_timestamp_align_colcon/include/offline_timestamp_align_colcon/msg/detail/fused_state__builder.hpp
[11.940s] -- Installing: /home/slam/mix_ws/ros2_ws/install/offline_timestamp_align_colcon/include/offline_timestamp_align_colcon/msg/detail/fused_state__type_support.hpp
[11.941s] -- Installing: /home/slam/mix_ws/ros2_ws/install/offline_timestamp_align_colcon/include/offline_timestamp_align_colcon/msg/detail/fused_state__struct.hpp
[11.941s] -- Installing: /home/slam/mix_ws/ros2_ws/install/offline_timestamp_align_colcon/include/offline_timestamp_align_colcon/msg/detail/fused_state__traits.hpp
[11.941s] -- Installing: /home/slam/mix_ws/ros2_ws/install/offline_timestamp_align_colcon/include/offline_timestamp_align_colcon/msg/fused_state.hpp
[11.941s] -- Installing: /home/slam/mix_ws/ros2_ws/install/offline_timestamp_align_colcon/include/offline_timestamp_align_colcon/msg/rosidl_generator_cpp__visibility_control.hpp
[11.941s] -- Up-to-date: /home/slam/mix_ws/ros2_ws/install/offline_timestamp_align_colcon/include/offline_timestamp_align_colcon
[11.941s] -- Up-to-date: /home/slam/mix_ws/ros2_ws/install/offline_timestamp_align_colcon/include/offline_timestamp_align_colcon/msg
[11.941s] -- Up-to-date: /home/slam/mix_ws/ros2_ws/install/offline_timestamp_align_colcon/include/offline_timestamp_align_colcon/msg/detail
[11.941s] -- Installing: /home/slam/mix_ws/ros2_ws/install/offline_timestamp_align_colcon/include/offline_timestamp_align_colcon/msg/detail/fused_state__rosidl_typesupport_introspection_cpp.hpp
[11.941s] -- Installing: /home/slam/mix_ws/ros2_ws/install/offline_timestamp_align_colcon/include/offline_timestamp_align_colcon/msg/detail/fused_state__type_support.cpp
[11.942s] -- Installing: /home/slam/mix_ws/ros2_ws/install/offline_timestamp_align_colcon/lib/liboffline_timestamp_align_colcon__rosidl_typesupport_introspection_cpp.so
[11.942s] -- Set runtime path of "/home/slam/mix_ws/ros2_ws/install/offline_timestamp_align_colcon/lib/liboffline_timestamp_align_colcon__rosidl_typesupport_introspection_cpp.so" to ""
[11.942s] -- Installing: /home/slam/mix_ws/ros2_ws/install/offline_timestamp_align_colcon/lib/liboffline_timestamp_align_colcon__rosidl_typesupport_cpp.so
[11.942s] -- Set runtime path of "/home/slam/mix_ws/ros2_ws/install/offline_timestamp_align_colcon/lib/liboffline_timestamp_align_colcon__rosidl_typesupport_cpp.so" to ""
[11.943s] -- Installing: /home/slam/mix_ws/ros2_ws/install/offline_timestamp_align_colcon/share/offline_timestamp_align_colcon/environment/pythonpath.sh
[11.943s] -- Installing: /home/slam/mix_ws/ros2_ws/install/offline_timestamp_align_colcon/share/offline_timestamp_align_colcon/environment/pythonpath.dsv
[11.943s] -- Installing: /home/slam/mix_ws/ros2_ws/install/offline_timestamp_align_colcon/lib/python3.8/site-packages/offline_timestamp_align_colcon/__init__.py
[11.962s] Compiling '/home/slam/mix_ws/ros2_ws/install/offline_timestamp_align_colcon/lib/python3.8/site-packages/offline_timestamp_align_colcon/__init__.py'...
[11.965s] -- Installing: /home/slam/mix_ws/ros2_ws/install/offline_timestamp_align_colcon/lib/python3.8/site-packages/offline_timestamp_align_colcon/msg
[11.965s] -- Installing: /home/slam/mix_ws/ros2_ws/install/offline_timestamp_align_colcon/lib/python3.8/site-packages/offline_timestamp_align_colcon/msg/_fused_state.py
[11.965s] -- Installing: /home/slam/mix_ws/ros2_ws/install/offline_timestamp_align_colcon/lib/python3.8/site-packages/offline_timestamp_align_colcon/msg/__init__.py
[11.965s] -- Installing: /home/slam/mix_ws/ros2_ws/install/offline_timestamp_align_colcon/lib/python3.8/site-packages/offline_timestamp_align_colcon/msg/_fused_state_s.c
[11.965s] -- Installing: /home/slam/mix_ws/ros2_ws/install/offline_timestamp_align_colcon/lib/python3.8/site-packages/offline_timestamp_align_colcon/offline_timestamp_align_colcon_s__rosidl_typesupport_fastrtps_c.cpython-38-x86_64-linux-gnu.so
[11.966s] -- Set runtime path of "/home/slam/mix_ws/ros2_ws/install/offline_timestamp_align_colcon/lib/python3.8/site-packages/offline_timestamp_align_colcon/offline_timestamp_align_colcon_s__rosidl_typesupport_fastrtps_c.cpython-38-x86_64-linux-gnu.so" to ""
[11.966s] -- Installing: /home/slam/mix_ws/ros2_ws/install/offline_timestamp_align_colcon/lib/python3.8/site-packages/offline_timestamp_align_colcon/offline_timestamp_align_colcon_s__rosidl_typesupport_introspection_c.cpython-38-x86_64-linux-gnu.so
[11.967s] -- Set runtime path of "/home/slam/mix_ws/ros2_ws/install/offline_timestamp_align_colcon/lib/python3.8/site-packages/offline_timestamp_align_colcon/offline_timestamp_align_colcon_s__rosidl_typesupport_introspection_c.cpython-38-x86_64-linux-gnu.so" to ""
[11.967s] -- Installing: /home/slam/mix_ws/ros2_ws/install/offline_timestamp_align_colcon/lib/python3.8/site-packages/offline_timestamp_align_colcon/offline_timestamp_align_colcon_s__rosidl_typesupport_c.cpython-38-x86_64-linux-gnu.so
[11.967s] -- Set runtime path of "/home/slam/mix_ws/ros2_ws/install/offline_timestamp_align_colcon/lib/python3.8/site-packages/offline_timestamp_align_colcon/offline_timestamp_align_colcon_s__rosidl_typesupport_c.cpython-38-x86_64-linux-gnu.so" to ""
[11.967s] -- Installing: /home/slam/mix_ws/ros2_ws/install/offline_timestamp_align_colcon/lib/liboffline_timestamp_align_colcon__python.so
[11.968s] -- Set runtime path of "/home/slam/mix_ws/ros2_ws/install/offline_timestamp_align_colcon/lib/liboffline_timestamp_align_colcon__python.so" to ""
[11.968s] -- Installing: /home/slam/mix_ws/ros2_ws/install/offline_timestamp_align_colcon/share/offline_timestamp_align_colcon/msg/FusedState.idl
[11.968s] -- Installing: /home/slam/mix_ws/ros2_ws/install/offline_timestamp_align_colcon/share/offline_timestamp_align_colcon/msg/FusedState.msg
[11.968s] -- Installing: /home/slam/mix_ws/ros2_ws/install/offline_timestamp_align_colcon/lib/offline_timestamp_align_colcon/cam_w_norm_calculate_colcon
[11.969s] -- Set runtime path of "/home/slam/mix_ws/ros2_ws/install/offline_timestamp_align_colcon/lib/offline_timestamp_align_colcon/cam_w_norm_calculate_colcon" to ""
[11.969s] -- Installing: /home/slam/mix_ws/ros2_ws/install/offline_timestamp_align_colcon/lib/offline_timestamp_align_colcon/imu_w_norm_calculate_colcon
[11.969s] -- Installing: /home/slam/mix_ws/ros2_ws/install/offline_timestamp_align_colcon/lib/offline_timestamp_align_colcon/time_offset_calculate_portion_colcon
[11.970s] -- Installing: /home/slam/mix_ws/ros2_ws/install/offline_timestamp_align_colcon/lib/offline_timestamp_align_colcon/time_offset_calculate_norm_colcon
[11.970s] -- Installing: /home/slam/mix_ws/ros2_ws/install/offline_timestamp_align_colcon/lib/offline_timestamp_align_colcon/timestamp_correct_colcon
[11.970s] -- Installing: /home/slam/mix_ws/ros2_ws/install/offline_timestamp_align_colcon/lib/offline_timestamp_align_colcon/publish_node_colcon
[11.971s] -- Set runtime path of "/home/slam/mix_ws/ros2_ws/install/offline_timestamp_align_colcon/lib/offline_timestamp_align_colcon/publish_node_colcon" to ""
[11.971s] -- Installing: /home/slam/mix_ws/ros2_ws/install/offline_timestamp_align_colcon/lib/offline_timestamp_align_colcon/fusion_node_colcon
[11.973s] -- Set runtime path of "/home/slam/mix_ws/ros2_ws/install/offline_timestamp_align_colcon/lib/offline_timestamp_align_colcon/fusion_node_colcon" to ""
[11.973s] -- Installing: /home/slam/mix_ws/ros2_ws/install/offline_timestamp_align_colcon/share/offline_timestamp_align_colcon/launch
[11.973s] -- Installing: /home/slam/mix_ws/ros2_ws/install/offline_timestamp_align_colcon/share/offline_timestamp_align_colcon/launch/split.launch.py
[11.974s] -- Installing: /home/slam/mix_ws/ros2_ws/install/offline_timestamp_align_colcon/share/offline_timestamp_align_colcon/launch/offline_timestamp_align_colcon.launch.py
[11.974s] -- Installing: /home/slam/mix_ws/ros2_ws/install/offline_timestamp_align_colcon/share/ament_index/resource_index/package_run_dependencies/offline_timestamp_align_colcon
[11.974s] -- Installing: /home/slam/mix_ws/ros2_ws/install/offline_timestamp_align_colcon/share/ament_index/resource_index/parent_prefix_path/offline_timestamp_align_colcon
[11.974s] -- Installing: /home/slam/mix_ws/ros2_ws/install/offline_timestamp_align_colcon/share/offline_timestamp_align_colcon/environment/ament_prefix_path.sh
[11.974s] -- Installing: /home/slam/mix_ws/ros2_ws/install/offline_timestamp_align_colcon/share/offline_timestamp_align_colcon/environment/ament_prefix_path.dsv
[11.974s] -- Installing: /home/slam/mix_ws/ros2_ws/install/offline_timestamp_align_colcon/share/offline_timestamp_align_colcon/environment/path.sh
[11.975s] -- Installing: /home/slam/mix_ws/ros2_ws/install/offline_timestamp_align_colcon/share/offline_timestamp_align_colcon/environment/path.dsv
[11.975s] -- Installing: /home/slam/mix_ws/ros2_ws/install/offline_timestamp_align_colcon/share/offline_timestamp_align_colcon/local_setup.bash
[11.975s] -- Installing: /home/slam/mix_ws/ros2_ws/install/offline_timestamp_align_colcon/share/offline_timestamp_align_colcon/local_setup.sh
[11.975s] -- Installing: /home/slam/mix_ws/ros2_ws/install/offline_timestamp_align_colcon/share/offline_timestamp_align_colcon/local_setup.zsh
[11.975s] -- Installing: /home/slam/mix_ws/ros2_ws/install/offline_timestamp_align_colcon/share/offline_timestamp_align_colcon/local_setup.dsv
[11.975s] -- Installing: /home/slam/mix_ws/ros2_ws/install/offline_timestamp_align_colcon/share/offline_timestamp_align_colcon/package.dsv
[11.976s] -- Installing: /home/slam/mix_ws/ros2_ws/install/offline_timestamp_align_colcon/share/ament_index/resource_index/packages/offline_timestamp_align_colcon
[11.976s] -- Installing: /home/slam/mix_ws/ros2_ws/install/offline_timestamp_align_colcon/share/offline_timestamp_align_colcon/cmake/offline_timestamp_align_colcon__rosidl_generator_cExport.cmake
[11.976s] -- Installing: /home/slam/mix_ws/ros2_ws/install/offline_timestamp_align_colcon/share/offline_timestamp_align_colcon/cmake/offline_timestamp_align_colcon__rosidl_generator_cExport-noconfig.cmake
[11.976s] -- Installing: /home/slam/mix_ws/ros2_ws/install/offline_timestamp_align_colcon/share/offline_timestamp_align_colcon/cmake/offline_timestamp_align_colcon__rosidl_typesupport_introspection_cExport.cmake
[11.977s] -- Installing: /home/slam/mix_ws/ros2_ws/install/offline_timestamp_align_colcon/share/offline_timestamp_align_colcon/cmake/offline_timestamp_align_colcon__rosidl_typesupport_introspection_cExport-noconfig.cmake
[11.977s] -- Installing: /home/slam/mix_ws/ros2_ws/install/offline_timestamp_align_colcon/share/offline_timestamp_align_colcon/cmake/offline_timestamp_align_colcon__rosidl_typesupport_cExport.cmake
[11.977s] -- Installing: /home/slam/mix_ws/ros2_ws/install/offline_timestamp_align_colcon/share/offline_timestamp_align_colcon/cmake/offline_timestamp_align_colcon__rosidl_typesupport_cExport-noconfig.cmake
[11.977s] -- Installing: /home/slam/mix_ws/ros2_ws/install/offline_timestamp_align_colcon/share/offline_timestamp_align_colcon/cmake/offline_timestamp_align_colcon__rosidl_generator_cppExport.cmake
[11.977s] -- Installing: /home/slam/mix_ws/ros2_ws/install/offline_timestamp_align_colcon/share/offline_timestamp_align_colcon/cmake/offline_timestamp_align_colcon__rosidl_typesupport_introspection_cppExport.cmake
[11.978s] -- Installing: /home/slam/mix_ws/ros2_ws/install/offline_timestamp_align_colcon/share/offline_timestamp_align_colcon/cmake/offline_timestamp_align_colcon__rosidl_typesupport_introspection_cppExport-noconfig.cmake
[11.978s] -- Installing: /home/slam/mix_ws/ros2_ws/install/offline_timestamp_align_colcon/share/offline_timestamp_align_colcon/cmake/offline_timestamp_align_colcon__rosidl_typesupport_cppExport.cmake
[11.978s] -- Installing: /home/slam/mix_ws/ros2_ws/install/offline_timestamp_align_colcon/share/offline_timestamp_align_colcon/cmake/offline_timestamp_align_colcon__rosidl_typesupport_cppExport-noconfig.cmake
[11.978s] -- Installing: /home/slam/mix_ws/ros2_ws/install/offline_timestamp_align_colcon/share/offline_timestamp_align_colcon/cmake/rosidl_cmake-extras.cmake
[11.978s] -- Installing: /home/slam/mix_ws/ros2_ws/install/offline_timestamp_align_colcon/share/offline_timestamp_align_colcon/cmake/ament_cmake_export_dependencies-extras.cmake
[11.978s] -- Installing: /home/slam/mix_ws/ros2_ws/install/offline_timestamp_align_colcon/share/offline_timestamp_align_colcon/cmake/ament_cmake_export_libraries-extras.cmake
[11.979s] -- Installing: /home/slam/mix_ws/ros2_ws/install/offline_timestamp_align_colcon/share/offline_timestamp_align_colcon/cmake/ament_cmake_export_targets-extras.cmake
[11.979s] -- Installing: /home/slam/mix_ws/ros2_ws/install/offline_timestamp_align_colcon/share/offline_timestamp_align_colcon/cmake/ament_cmake_export_include_directories-extras.cmake
[11.979s] -- Installing: /home/slam/mix_ws/ros2_ws/install/offline_timestamp_align_colcon/share/offline_timestamp_align_colcon/cmake/rosidl_cmake_export_typesupport_libraries-extras.cmake
[11.979s] -- Installing: /home/slam/mix_ws/ros2_ws/install/offline_timestamp_align_colcon/share/offline_timestamp_align_colcon/cmake/rosidl_cmake_export_typesupport_targets-extras.cmake
[11.979s] -- Installing: /home/slam/mix_ws/ros2_ws/install/offline_timestamp_align_colcon/share/offline_timestamp_align_colcon/cmake/offline_timestamp_align_colconConfig.cmake
[11.979s] -- Installing: /home/slam/mix_ws/ros2_ws/install/offline_timestamp_align_colcon/share/offline_timestamp_align_colcon/cmake/offline_timestamp_align_colconConfig-version.cmake
[11.980s] -- Installing: /home/slam/mix_ws/ros2_ws/install/offline_timestamp_align_colcon/share/offline_timestamp_align_colcon/package.xml
[11.982s] Invoked command in '/home/slam/mix_ws/ros2_ws/build/offline_timestamp_align_colcon' returned '0': CMAKE_PREFIX_PATH=/opt/ros/foxy /usr/bin/cmake --install /home/slam/mix_ws/ros2_ws/build/offline_timestamp_align_colcon
